<?xml version="1.0" encoding="UTF-8"?>
<testng-results skipped="0" failed="0" total="0" passed="0">
  <reporter-output>
  </reporter-output>
  <suite name="Tests" duration-ms="6" started-at="2015-05-15T21:34:37Z" finished-at="2015-05-15T21:34:37Z">
    <groups>
    </groups>
    <test name="Test1" duration-ms="6" started-at="2015-05-15T21:34:37Z" finished-at="2015-05-15T21:34:37Z">
      <class name="AgileFusion.pages.HomePageTest">
        <test-method status="PASS" signature="tearDown()[pri:0, instance:AgileFusion.pages.HomePageTest@b684286]" name="tearDown" is-config="true" duration-ms="16" started-at="2015-05-16T00:34:37Z" finished-at="2015-05-16T00:34:37Z">
          <reporter-output>
          </reporter-output>
        </test-method> <!-- tearDown -->
      </class> <!-- AgileFusion.pages.HomePageTest -->
    </test> <!-- Test1 -->
  </suite> <!-- Tests -->
</testng-results>
